<?xml version="1.0" encoding="UTF-8"?>
<!-- Generated by org.testng.reporters.JUnitReportReporter -->
<testsuite hostname="DESKTOP-MHSBUN6" failures="0" tests="1" name="ExecuteSteps.Execute" time="13.003" errors="0" timestamp="2024-10-03T17:20:53 IST" skipped="0">
  <testcase classname="ExecuteSteps.Execute" name="Running" time="13.003"/>
  <system-out/>
</testsuite> <!-- ExecuteSteps.Execute -->
